<?xml version="1.0" encoding="UTF-8"?>
<!-- Generated by org.testng.reporters.JUnitXMLReporter -->
<testsuite ignored="0" hostname="LAPTOP-JJ18N9U4" failures="1" tests="1" name="Test" time="53.821" errors="0" timestamp="2022-12-28T17:36:31 GMT-07:00">
  <testcase classname="rahulshetty.pageobject.Main" name="frn" time="0.059">
    <failure type="java.lang.IllegalArgumentException" message="Test name must not be null or empty">
      <![CDATA[java.lang.IllegalArgumentException: Test name must not be null or empty
at com.aventstack.extentreports.util.Assert.notEmpty(Assert.java:12)
at com.aventstack.extentreports.ExtentTest.<init>(ExtentTest.java:96)
at com.aventstack.extentreports.ExtentTest.<init>(ExtentTest.java:117)
at com.aventstack.extentreports.ExtentReports.createTest(ExtentReports.java:231)
at com.aventstack.extentreports.ExtentReports.createTest(ExtentReports.java:245)
at rahulshetty.pageobject.Listeners.onTestStart(Listeners.java:38)
at java.base/java.util.ArrayList.forEach(ArrayList.java:1511)
... Removed 24 stack frames]]>
    </failure>
  </testcase> <!-- frn -->
</testsuite> <!-- Test -->
