<?xml version="1.0" encoding="UTF-8"?>
<testng-results ignored="0" total="1" passed="1" failed="0" skipped="0">
  <reporter-output>
  </reporter-output>
  <suite started-at="2022-12-28T17:22:26 GMT-07:00" name="Surefire suite" finished-at="2022-12-28T17:22:27 GMT-07:00" duration-ms="156">
    <groups>
    </groups>
    <test started-at="2022-12-28T17:22:26 GMT-07:00" name="Surefire test" finished-at="2022-12-28T17:22:27 GMT-07:00" duration-ms="156">
      <class name="rahulshetty.pageobject.NewTest">
        <test-method signature="f()[pri:0, instance:rahulshetty.pageobject.NewTest@6156496]" started-at="2022-12-28T17:22:27 GMT-07:00" name="f" finished-at="2022-12-28T17:22:27 GMT-07:00" duration-ms="15" status="PASS">
          <reporter-output>
          </reporter-output>
        </test-method> <!-- f -->
      </class> <!-- rahulshetty.pageobject.NewTest -->
    </test> <!-- Surefire test -->
  </suite> <!-- Surefire suite -->
</testng-results>
